<?xml version="1.0" encoding="UTF-8"?>
<!-- Generated by org.testng.reporters.JUnitReportReporter -->
<testsuite hostname="DESKTOP-4IAP090" failures="0" tests="2" name="Appuim.demo.SettingsTest" time="3.260" errors="0" timestamp="30 May 2021 21:21:15 GMT" skipped="0">
  <testcase classname="Appuim.demo.SettingsTest" name="clickOnSignout" time="0.725"/>
  <testcase classname="Appuim.demo.SettingsTest" name="clickOnMorebtn" time="2.535"/>
</testsuite> <!-- Appuim.demo.SettingsTest -->
