<?xml version="1.0" encoding="UTF-8"?>
<!-- Generated by org.testng.reporters.JUnitReportReporter -->
<testsuite hostname="DESKTOP-4IAP090" failures="0" tests="1" name="Appuim.demo.HelloAppium" time="11.801" errors="0" timestamp="21 Jun 2020 05:35:29 GMT" skipped="0">
  <testcase classname="Appuim.demo.HelloAppium" name="connect" time="11.801"/>
</testsuite> <!-- Appuim.demo.HelloAppium -->
