<?xml version="1.0" encoding="UTF-8"?>
<!-- Generated by org.testng.reporters.JUnitReportReporter -->
<testsuite hostname="DESKTOP-4IAP090" failures="0" tests="1" name="Appuim.demo.MoreTest" time="2.513" errors="0" timestamp="30 May 2021 21:21:14 GMT" skipped="0">
  <testcase classname="Appuim.demo.MoreTest" name="clickOnSettings" time="2.513"/>
</testsuite> <!-- Appuim.demo.MoreTest -->
